  Junkcode1.c
D:\Reverse Engineering\Reverse实战\逆向反调试技术研究\花指令\JunkCode\Junkcode1.c(4,2): error C4235: 使用了非标准扩展: 不支持在此结构上使用“__asm”关键字
D:\Reverse Engineering\Reverse实战\逆向反调试技术研究\花指令\JunkCode\Junkcode1.c(5,6): error C2065: “jz”: 未声明的标识符
D:\Reverse Engineering\Reverse实战\逆向反调试技术研究\花指令\JunkCode\Junkcode1.c(5,6): error C2146: 语法错误: 缺少“;”(在标识符“label1”的前面)
D:\Reverse Engineering\Reverse实战\逆向反调试技术研究\花指令\JunkCode\Junkcode1.c(5,12): error C2065: “label1”: 未声明的标识符
D:\Reverse Engineering\Reverse实战\逆向反调试技术研究\花指令\JunkCode\Junkcode1.c(6,7): error C2065: “jnz”: 未声明的标识符
D:\Reverse Engineering\Reverse实战\逆向反调试技术研究\花指令\JunkCode\Junkcode1.c(6,7): error C2146: 语法错误: 缺少“;”(在标识符“label1”的前面)
D:\Reverse Engineering\Reverse实战\逆向反调试技术研究\花指令\JunkCode\Junkcode1.c(6,13): error C2065: “label1”: 未声明的标识符
D:\Reverse Engineering\Reverse实战\逆向反调试技术研究\花指令\JunkCode\Junkcode1.c(10,2): error C4235: 使用了非标准扩展: 不支持在此结构上使用“__asm”关键字
D:\Reverse Engineering\Reverse实战\逆向反调试技术研究\花指令\JunkCode\Junkcode1.c(11,7): error C2065: “mov”: 未声明的标识符
D:\Reverse Engineering\Reverse实战\逆向反调试技术研究\花指令\JunkCode\Junkcode1.c(11,7): error C2146: 语法错误: 缺少“;”(在标识符“ecx”的前面)
D:\Reverse Engineering\Reverse实战\逆向反调试技术研究\花指令\JunkCode\Junkcode1.c(11,10): error C2065: “ecx”: 未声明的标识符
D:\Reverse Engineering\Reverse实战\逆向反调试技术研究\花指令\JunkCode\Junkcode1.c(12,7): error C2065: “adc”: 未声明的标识符
D:\Reverse Engineering\Reverse实战\逆向反调试技术研究\花指令\JunkCode\Junkcode1.c(12,7): error C2146: 语法错误: 缺少“;”(在标识符“cl”的前面)
D:\Reverse Engineering\Reverse实战\逆向反调试技术研究\花指令\JunkCode\Junkcode1.c(12,9): error C2065: “cl”: 未声明的标识符
D:\Reverse Engineering\Reverse实战\逆向反调试技术研究\花指令\JunkCode\Junkcode1.c(13,6): error C2065: “dw”: 未声明的标识符
D:\Reverse Engineering\Reverse实战\逆向反调试技术研究\花指令\JunkCode\Junkcode1.c(13,6): error C2143: 语法错误: 缺少“;”(在“常数”的前面)
D:\Reverse Engineering\Reverse实战\逆向反调试技术研究\花指令\JunkCode\Junkcode1.c(14,12): error C2065: “jb”: 未声明的标识符
D:\Reverse Engineering\Reverse实战\逆向反调试技术研究\花指令\JunkCode\Junkcode1.c(14,6): error C2143: 语法错误: 缺少“;”(在“类型”的前面)
D:\Reverse Engineering\Reverse实战\逆向反调试技术研究\花指令\JunkCode\Junkcode1.c(14,14): error C2143: 语法错误: 缺少“;”(在“+”的前面)
